make all --print-data-base --no-builtin-variables --no-builtin-rules --question
# GNU Make 3.81
# Copyright (C) 2006  Free Software Foundation, Inc.
# This is free software; see the source for copying conditions.
# There is NO warranty; not even for MERCHANTABILITY or FITNESS FOR A
# PARTICULAR PURPOSE.

# This program built for i386-apple-darwin11.3.0
 

# Make data base, printed on Fri Jul  1 20:50:25 2022

# Variables

# automatic
<D = $(patsubst %/,%,$(dir $<))
# automatic
?F = $(notdir $?)
# environment
ELECTRON_NO_ATTACH_CONSOLE = 1
# environment
VSCODE_LOG_NATIVE = false
# automatic
?D = $(patsubst %/,%,$(dir $?))
 
# automatic
@D = $(patsubst %/,%,$(dir $@))
# automatic
@F = $(notdir $@)
# makefile
CURDIR := /Users/amypellatt/Projects/JSONParser
# makefile
SHELL = /bin/sh
# environment
VSCODE_NLS_CONFIG = {"locale":"en-gb","availableLanguages":{},"_languagePackSupport":true}
# environment
_ = /usr/bin/make
# makefile (from `Makefile', line 1)
MAKEFILE_LIST :=  Makefile
# makefile (from `Makefile', line 1)
ARGS = -std=c99 -Wall -O2 -g -D_DEFAULT_SOURCE=__STRICT_ANSI__
# environment
OMF_PATH = /Users/amypellatt/.local/share/omf
# makefile (from `Makefile', line 5)
OBJ_DIR = obj
# environment
VSCODE_VERBOSE_LOGGING = true
# environment
__CFBundleIdentifier = com.microsoft.VSCode
# environment
VSCODE_IPC_HOOK_EXTHOST = /var/folders/mx/x_kg5t2x409bb_075bqzqwkc0000gn/T/vscode-ipc-acc36502-bafc-403b-be93-884052be7322.sock
# environment
VSCODE_CWD = /Users/amypellatt/Projects/JSONParser
# environment
PATH = /Users/amypellatt/.cargo/bin:/opt/homebrew/opt/lua@5.3/bin:/opt/homebrew/opt/binutils/bin:/opt/homebrew/bin:/usr/local/bin:/usr/bin:/bin:/usr/sbin:/sbin:/Library/Apple/usr/bin
# environment
LaunchInstanceID = B1E21E4A-D943-4181-B7EE-3733A810F804
# environment
VSCODE_LOG_STACK = false
# environment
ELECTRON_RUN_AS_NODE = 1
# default
.FEATURES := target-specific order-only second-expansion else-if archives jobserver check-symlink
# environment
SSH_AUTH_SOCK = /private/tmp/com.apple.launchd.7EKL4coZCd/Listeners
# automatic
%F = $(notdir $%)
# environment
VSCODE_PIPE_LOGGING = true
# environment
PWD = /Users/amypellatt/Projects/JSONParser
# environment
PKG_CONFIG_PATH = /opt/homebrew/opt/lua@5.3/lib/pkgconfig
# environment
ORIGINAL_XDG_CURRENT_DESKTOP = undefined
# environment
VSCODE_AMD_ENTRYPOINT = vs/workbench/api/node/extensionHostProcess
# environment
HOME = /Users/amypellatt
# default
MAKEFILEPATH := /Applications/Xcode.app/Contents/Developer/Makefiles
# environment
VSCODE_CLI = 1
# environment
VSCODE_CODE_CACHE_PATH = /Users/amypellatt/Library/Application Support/Code/CachedData/30d9c6cd9483b2cc586687151bcbcd635f373630
# environment
LOGNAME = oliverpellatt
# environment
APPLICATION_INSIGHTS_NO_DIAGNOSTIC_CHANNEL = true
# environment
VSCODE_HANDLES_UNCAUGHT_ERRORS = true
# automatic
^D = $(patsubst %/,%,$(dir $^))
# makefile (from `Makefile', line 3)
MKDIR = mkdir -p
# environment
XPC_FLAGS = 0x0
# default
MAKE = $(MAKE_COMMAND)
# default
MAKECMDGOALS := all
# environment
SHLVL = 3
# default
MAKE_VERSION := 3.81
# environment
USER = oliverpellatt
# makefile
.DEFAULT_GOAL := all
# environment
OMF_CONFIG = /Users/amypellatt/.config/omf
# environment
TERM_SESSION_ID = B93310C3-716E-48B5-B8CC-4A4FD0DA4CDC
# automatic
%D = $(patsubst %/,%,$(dir $%))
# default
MAKE_COMMAND := /Applications/Xcode.app/Contents/Developer/usr/bin/make
# environment
TERM_PROGRAM = Apple_Terminal
# default
.VARIABLES := 
# environment
TMPDIR = /var/folders/mx/x_kg5t2x409bb_075bqzqwkc0000gn/T/
# automatic
*F = $(notdir $*)
# environment
VSCODE_IPC_HOOK = /Users/amypellatt/Library/Application Support/Code/1.68.1-main.sock
# makefile
MAKEFLAGS = Rrqp
# environment
MFLAGS = -Rrqp
# automatic
*D = $(patsubst %/,%,$(dir $*))
# environment
TERM_PROGRAM_VERSION = 445
# environment
XPC_SERVICE_NAME = application.com.microsoft.VSCode.18396896.18396902.F02B7678-CAE9-4726-BBC4-8A96C1584348
# automatic
+D = $(patsubst %/,%,$(dir $+))
# automatic
+F = $(notdir $+)
# environment
__CF_USER_TEXT_ENCODING = 0x1F5:0:2
# environment
COMMAND_MODE = unix2003
# default
MAKEFILES := 
# automatic
<F = $(notdir $<)
# environment
LC_ALL = C
# environment
SECURITYSESSIONID = 186ac
# automatic
^F = $(notdir $^)
# default
SUFFIXES := 
# default
.INCLUDE_DIRS = /usr/local/include
# environment
MAKELEVEL := 0
# environment
LANG = C
# environment
TERM = xterm-256color
# environment
VSCODE_PID = 89250
# variable set hash-table stats:
# Load=76/1024=7%, Rehash=0, Collisions=1/104=1%

# Pattern-specific Variable Values

# No pattern-specific variable values.

# Directories

# . (device 16777232, inode 18408669): 11 files, no impossibilities.

# 11 files, no impossibilities in 1 directories.

# Implicit Rules

# No implicit rules.

# Files

# Not a target:
src/JSON/jsonCore.c:
#  Implicit rule search has not been done.
#  Modification time never checked.
#  File has not been updated.

# Not a target:
src/DataStructures/Tuple/tuple.c:
#  Implicit rule search has not been done.
#  Modification time never checked.
#  File has not been updated.

obj/linkedList.o: src/DataStructures/LinkedList/linkedList.c src/DataStructures/LinkedList/linkedList.h
#  Implicit rule search has not been done.
#  Modification time never checked.
#  File has not been updated.
#  commands to execute (from `Makefile', line 40):
	cc $(ARGS) -c src/DataStructures/LinkedList/linkedList.c -o obj/linkedList.o
	

all: objDir jsonParser
#  Command-line target.
#  Implicit rule search has been done.
#  File does not exist.
#  File has been updated.
#  Needs to be updated (-q is set).
# variable set hash-table stats:
# Load=0/32=0%, Rehash=0, Collisions=0/4=0%

# Not a target:
src/IO/fileIO.c:
#  Implicit rule search has not been done.
#  Modification time never checked.
#  File has not been updated.

.PHONY: objDir
#  Implicit rule search has not been done.
#  Modification time never checked.
#  File has not been updated.

# Not a target:
src/Utils/stringUtils.c:
#  Implicit rule search has not been done.
#  Modification time never checked.
#  File has not been updated.

# Not a target:
src/JSON/jsonCore.h:
#  Implicit rule search has not been done.
#  Modification time never checked.
#  File has not been updated.

# Not a target:
src/DataStructures/Tuple/tuple.h:
#  Implicit rule search has not been done.
#  Modification time never checked.
#  File has not been updated.

obj/jsonCore.o: src/JSON/jsonCore.c src/JSON/jsonCore.h
#  Implicit rule search has not been done.
#  Modification time never checked.
#  File has not been updated.
#  commands to execute (from `Makefile', line 58):
	cc $(ARGS) -c src/JSON/jsonCore.c -o obj/jsonCore.o
	

obj/hashMap.o: src/DataStructures/HashMap/hashMap.c src/DataStructures/HashMap/hashMap.h
#  Implicit rule search has not been done.
#  Modification time never checked.
#  File has not been updated.
#  commands to execute (from `Makefile', line 37):
	cc $(ARGS) -c src/DataStructures/HashMap/hashMap.c -o obj/hashMap.o
	

# Not a target:
src/IO/fileIO.h:
#  Implicit rule search has not been done.
#  Modification time never checked.
#  File has not been updated.

obj/main.o: src/main.c
#  Implicit rule search has not been done.
#  Modification time never checked.
#  File has not been updated.
#  commands to execute (from `Makefile', line 34):
	cc $(ARGS) -c src/main.c -o obj/main.o
	

# Not a target:
.SUFFIXES:
#  Implicit rule search has not been done.
#  Modification time never checked.
#  File has not been updated.

# Not a target:
Makefile:
#  Implicit rule search has been done.
#  Last modified 2022-07-01 20:50:20
#  File has been updated.
#  Successfully updated.
# variable set hash-table stats:
# Load=0/32=0%, Rehash=0, Collisions=0/0=0%

obj/stringUtils.o: src/Utils/stringUtils.c src/Utils/stringUtils.h
#  Implicit rule search has not been done.
#  Modification time never checked.
#  File has not been updated.
#  commands to execute (from `Makefile', line 55):
	cc $(ARGS) -c src/Utils/stringUtils.c -o obj/stringUtils.o
	

# Not a target:
src/DataStructures/LinkedList/linkedList.h:
#  Implicit rule search has not been done.
#  Modification time never checked.
#  File has not been updated.

# Not a target:
src/Utils/stringUtils.h:
#  Implicit rule search has not been done.
#  Modification time never checked.
#  File has not been updated.

obj/fileIO.o: src/IO/fileIO.c src/IO/fileIO.h
#  Implicit rule search has not been done.
#  Modification time never checked.
#  File has not been updated.
#  commands to execute (from `Makefile', line 43):
	cc $(ARGS) -c src/IO/fileIO.c -o obj/fileIO.o
	

obj/tuple.o: src/DataStructures/Tuple/tuple.c src/DataStructures/Tuple/tuple.h
#  Implicit rule search has not been done.
#  Modification time never checked.
#  File has not been updated.
 
#  commands to execute (from `Makefile', line 52):
	cc $(ARGS) -c src/DataStructures/Tuple/tuple.c -o obj/tuple.o
	

# Not a target:
src/DataStructures/LinkedList/linkedList.c:
#  Implicit rule search has not been done.
#  Modification time never checked.
#  File has not been updated.

jsonParser: obj/main.o obj/hashMap.o obj/linkedList.o obj/tuple.o obj/fileIO.o obj/logger.o obj/jsonCore.o obj/jsonParser.o obj/stringUtils.o
#  Implicit rule search has not been done.
#  Modification time never checked.
#  File has not been updated.
#  commands to execute (from `Makefile', line 23):
	cc $(ARGS) -o jsonParser obj/main.o\
	obj/hashMap.o\
	obj/linkedList.o\
	obj/tuple.o\
	obj/fileIO.o\
	obj/logger.o\
	obj/jsonCore.o\
	obj/jsonParser.o\
	obj/stringUtils.o
	

# Not a target:
src/main.c:
#  Implicit rule search has not been done.
#  Modification time never checked.
#  File has not been updated.

# Not a target:
.DEFAULT:
#  Implicit rule search has not been done.
#  Modification time never checked.
#  File has not been updated.

objDir:
#  Phony target (prerequisite of .PHONY).
#  Implicit rule search has not been done.
#  Implicit/static pattern stem: `'
#  File does not exist.
#  File has been updated.
#  Needs to be updated (-q is set).
# automatic
# @ := objDir
# automatic
# % := 
# automatic
# * := 
# automatic
# + := 
# automatic
# | := 
# automatic
# < := 
# automatic
# ^ := 
# automatic
# ? := 
# variable set hash-table stats:
# Load=8/32=25%, Rehash=0, Collisions=1/12=8%
#  commands to execute (from `Makefile', line 12):
	${MKDIR} ${OBJ_DIR}
	

# Not a target:
src/IO/logger.c:
#  Implicit rule search has not been done.
#  Modification time never checked.
#  File has not been updated.

clean:
#  Implicit rule search has not been done.
#  Modification time never checked.
#  File has not been updated.
#  commands to execute (from `Makefile', line 61):
	rm -rf obj/* && rm jsonParser
	

# Not a target:
src/DataStructures/HashMap/hashMap.c:
#  Implicit rule search has not been done.
#  Modification time never checked.
#  File has not been updated.

# Not a target:
src/JSON/jsonParser.c:
#  Implicit rule search has not been done.
#  Modification time never checked.
#  File has not been updated.

# Not a target:
src/IO/logger.h:
#  Implicit rule search has not been done.
#  Modification time never checked.
#  File has not been updated.

# Not a target:
src/DataStructures/HashMap/hashMap.h:
#  Implicit rule search has not been done.
#  Modification time never checked.
#  File has not been updated.

# Not a target:
src/JSON/jsonParser.h:
#  Implicit rule search has not been done.
#  Modification time never checked.
#  File has not been updated.

obj/jsonParser.o: src/JSON/jsonParser.c src/JSON/jsonParser.h
#  Implicit rule search has not been done.
#  Modification time never checked.
#  File has not been updated.
#  commands to execute (from `Makefile', line 49):
	cc $(ARGS) -c src/JSON/jsonParser.c -o obj/jsonParser.o
	

obj/logger.o: src/IO/logger.c src/IO/logger.h
#  Implicit rule search has not been done.
#  Modification time never checked.
#  File has not been updated.
#  commands to execute (from `Makefile', line 46):
	cc $(ARGS) -c src/IO/logger.c -o obj/logger.o
	

# files hash-table stats:
# Load=34/1024=3%, Rehash=0, Collisions=4/77=5%
# VPATH Search Paths

# No `vpath' search paths.

# No general (`VPATH' variable) search path.

# # of strings in strcache: 1
# # of strcache buffers: 1
# strcache size: total = 4096 / max = 4096 / min = 4096 / avg = 4096
# strcache free: total = 4087 / max = 4087 / min = 4087 / avg = 4087

# Finished Make data base on Fri Jul  1 20:50:25 2022

 
